Using pre-set license
Built from '2020.3/staging' branch; Version is '2020.3.0f1 (c7b5465681fb) revision 13088070'; Using compiler version '192528614'; Build Type 'Release'
OS: 'Windows 10 Education; OS build 18363.1621; Version 1909; 64bit' Language: 'en' Physical Memory: 4017 MB
BatchMode: 1, IsHumanControllingUs: 0, StartBugReporterOnCrash: 0, Is64bit: 1, IsPro: 0

 COMMAND LINE ARGUMENTS:
C:\Program Files\Unity\Hub\Editor\2020.3.0f1\Editor\Unity.exe
-adb2
-batchMode
-noUpm
-name
AssetImportWorker3
-projectPath
C:/Users/libzay/Documents/GitHub/Game-Development/Hero Time
-logFile
Logs/AssetImportWorker3.log
-srvPort
5080
Successfully changed project path to: C:/Users/libzay/Documents/GitHub/Game-Development/Hero Time
C:/Users/libzay/Documents/GitHub/Game-Development/Hero Time
Using Asset Import Pipeline V2.
Refreshing native plugins compatible for Editor in 156.66 ms, found 1 plugins.
Preloading 0 native plugins for Editor in 0.00 ms.
Initialize engine version: 2020.3.0f1 (c7b5465681fb)
[Subsystems] Discovering subsystems at path C:/Program Files/Unity/Hub/Editor/2020.3.0f1/Editor/Data/Resources/UnitySubsystems
[Subsystems] Discovering subsystems at path C:/Users/libzay/Documents/GitHub/Game-Development/Hero Time/Assets
GfxDevice: creating device client; threaded=0
Direct3D:
    Version:  Direct3D 11.0 [level 11.1]
    Renderer: Intel(R) HD Graphics Family (ID=0xa16)
    Vendor:   
    VRAM:     2008 MB
    Driver:   20.19.15.4835
Initialize mono
Mono path[0] = 'C:/Program Files/Unity/Hub/Editor/2020.3.0f1/Editor/Data/Managed'
Mono path[1] = 'C:/Program Files/Unity/Hub/Editor/2020.3.0f1/Editor/Data/MonoBleedingEdge/lib/mono/unityjit'
Mono config path = 'C:/Program Files/Unity/Hub/Editor/2020.3.0f1/Editor/Data/MonoBleedingEdge/etc'
Using monoOptions --debugger-agent=transport=dt_socket,embedding=1,server=y,suspend=n,address=127.0.0.1:56008
Begin MonoManager ReloadAssembly
Registering precompiled unity dll's ...
Register platform support module: C:/Program Files/Unity/Hub/Editor/2020.3.0f1/Editor/Data/PlaybackEngines/WindowsStandaloneSupport/UnityEditor.WindowsStandalone.Extensions.dll
Registered in 0.002415 seconds.
Native extension for WindowsStandalone target not found
Refreshing native plugins compatible for Editor in 89.31 ms, found 1 plugins.
Preloading 0 native plugins for Editor in 0.00 ms.
Invoked RoslynAnalysisRunner static constructor.
RoslynAnalysisRunner will not be running.
RoslynAnalysisRunner has terminated.
Mono: successfully reloaded assembly
- Completed reload, in  3.009 seconds
Platform modules already initialized, skipping
Registering precompiled user dll's ...
Registered in 0.001711 seconds.
Begin MonoManager ReloadAssembly
Native extension for WindowsStandalone target not found
Refreshing native plugins compatible for Editor in 85.98 ms, found 1 plugins.
Preloading 0 native plugins for Editor in 0.00 ms.
Invoked RoslynAnalysisRunner static constructor.
RoslynAnalysisRunner will not be running.
RoslynAnalysisRunner has terminated.
Mono: successfully reloaded assembly
- Completed reload, in  5.148 seconds
Platform modules already initialized, skipping
========================================================================
Worker process is ready to serve import requests
Launched and connected shader compiler UnityShaderCompiler.exe after 0.52 seconds
Refreshing native plugins compatible for Editor in 2.15 ms, found 1 plugins.
Preloading 0 native plugins for Editor in 0.00 ms.
Unloading 1858 Unused Serialized files (Serialized files now loaded: 0)
System memory in use before: 87.7 MB.
System memory in use after: 87.6 MB.

Unloading 24 unused Assets to reduce memory usage. Loaded Objects now: 2302.
Total: 7.090600 ms (FindLiveObjects: 0.592100 ms CreateObjectMapping: 0.227700 ms MarkObjects: 5.910700 ms  DeleteObjects: 0.354800 ms)

========================================================================
Received Import Request.
  path: Assets/Sprites/Coin.prefab
  artifactKey: Guid(61d3370291dcc7f4b9b2391ac531c340) Importer(815301076,1909f56bfc062723c751e8b465ee728b)
Start importing Assets/Sprites/Coin.prefab using Guid(61d3370291dcc7f4b9b2391ac531c340) Importer(815301076,1909f56bfc062723c751e8b465ee728b)  -> (artifact id: '2c17fd42c81c2cf5b1580111186575b6') in 1.657539 seconds
  Import took 1.805845 seconds .

========================================================================
Received Prepare
Registering precompiled user dll's ...
Registered in 0.118003 seconds.
Begin MonoManager ReloadAssembly
Native extension for WindowsStandalone target not found
Refreshing native plugins compatible for Editor in 1.47 ms, found 1 plugins.
Preloading 0 native plugins for Editor in 0.00 ms.
Invoked RoslynAnalysisRunner static constructor.
RoslynAnalysisRunner will not be running.
RoslynAnalysisRunner has terminated.
Mono: successfully reloaded assembly
- Completed reload, in  3.638 seconds
Platform modules already initialized, skipping
Refreshing native plugins compatible for Editor in 1.33 ms, found 1 plugins.
Preloading 0 native plugins for Editor in 0.00 ms.
Unloading 1840 Unused Serialized files (Serialized files now loaded: 0)
System memory in use before: 89.7 MB.
System memory in use after: 89.7 MB.

Unloading 12 unused Assets to reduce memory usage. Loaded Objects now: 2314.
Total: 7.065700 ms (FindLiveObjects: 0.485300 ms CreateObjectMapping: 0.220200 ms MarkObjects: 5.919600 ms  DeleteObjects: 0.437800 ms)

========================================================================
Received Prepare
Registering precompiled user dll's ...
Registered in 0.001575 seconds.
Begin MonoManager ReloadAssembly
Native extension for WindowsStandalone target not found
Refreshing native plugins compatible for Editor in 0.69 ms, found 1 plugins.
Preloading 0 native plugins for Editor in 0.00 ms.
Invoked RoslynAnalysisRunner static constructor.
RoslynAnalysisRunner will not be running.
RoslynAnalysisRunner has terminated.
Mono: successfully reloaded assembly
- Completed reload, in  2.272 seconds
Platform modules already initialized, skipping
Refreshing native plugins compatible for Editor in 1.11 ms, found 1 plugins.
Preloading 0 native plugins for Editor in 0.00 ms.
Unloading 1840 Unused Serialized files (Serialized files now loaded: 0)
System memory in use before: 89.8 MB.
System memory in use after: 89.8 MB.

Unloading 12 unused Assets to reduce memory usage. Loaded Objects now: 2318.
Total: 4.443700 ms (FindLiveObjects: 0.614600 ms CreateObjectMapping: 0.299800 ms MarkObjects: 3.319800 ms  DeleteObjects: 0.207100 ms)

========================================================================
Received Prepare
Registering precompiled user dll's ...
Registered in 0.126216 seconds.
Begin MonoManager ReloadAssembly
Native extension for WindowsStandalone target not found
Refreshing native plugins compatible for Editor in 1.76 ms, found 1 plugins.
Preloading 0 native plugins for Editor in 0.00 ms.
Invoked RoslynAnalysisRunner static constructor.
RoslynAnalysisRunner will not be running.
RoslynAnalysisRunner has terminated.
Mono: successfully reloaded assembly
- Completed reload, in 21.762 seconds
Platform modules already initialized, skipping
Refreshing native plugins compatible for Editor in 1.59 ms, found 1 plugins.
Preloading 0 native plugins for Editor in 0.00 ms.
Unloading 1840 Unused Serialized files (Serialized files now loaded: 0)
System memory in use before: 89.8 MB.
System memory in use after: 89.8 MB.

Unloading 12 unused Assets to reduce memory usage. Loaded Objects now: 2322.
Total: 9.118800 ms (FindLiveObjects: 0.520000 ms CreateObjectMapping: 0.303900 ms MarkObjects: 7.842700 ms  DeleteObjects: 0.446800 ms)

========================================================================
Received Prepare
Registering precompiled user dll's ...
Registered in 0.301766 seconds.
Begin MonoManager ReloadAssembly
Native extension for WindowsStandalone target not found
Refreshing native plugins compatible for Editor in 290.55 ms, found 1 plugins.
Preloading 0 native plugins for Editor in 0.00 ms.
Invoked RoslynAnalysisRunner static constructor.
RoslynAnalysisRunner will not be running.
RoslynAnalysisRunner has terminated.
Mono: successfully reloaded assembly
- Completed reload, in 36.187 seconds
Platform modules already initialized, skipping
Shader 'Universal Render Pipeline/Nature/SpeedTree7': dependency 'BillboardShader' shader 'Universal Render Pipeline/Nature/SpeedTree7 Billboard' not found
Shader 'Universal Render Pipeline/Baked Lit': fallback shader 'Universal Render Pipeline/Unlit' not found
Shader 'Universal Render Pipeline/Simple Lit': fallback shader 'Hidden/Universal Render Pipeline/FallbackError' not found
Shader 'Universal Render Pipeline/Terrain/Lit': fallback shader 'Hidden/Universal Render Pipeline/FallbackError' not found
Shader 'Universal Render Pipeline/Terrain/Lit': dependency 'AddPassShader' shader 'Hidden/Universal Render Pipeline/Terrain/Lit (Add Pass)' not found
Shader 'Universal Render Pipeline/Terrain/Lit': dependency 'BaseMapShader' shader 'Hidden/Universal Render Pipeline/Terrain/Lit (Base Pass)' not found
Shader 'Universal Render Pipeline/Terrain/Lit': dependency 'BaseMapGenShader' shader 'Hidden/Universal Render Pipeline/Terrain/Lit (Basemap Gen)' not found
Shader 'Hidden/Universal Render Pipeline/Terrain/Lit (Add Pass)': fallback shader 'Hidden/Universal Render Pipeline/FallbackError' not found
Shader 'Hidden/Universal Render Pipeline/Terrain/Lit (Base Pass)': fallback shader 'Hidden/Universal Render Pipeline/FallbackError' not found
Shader 'Universal Render Pipeline/Particles/Lit': fallback shader 'Universal Render Pipeline/Particles/SimpleLit' not found
Shader 'Universal Render Pipeline/Particles/Lit': fallback shader 'Universal Render Pipeline/Particles/SimpleLit' not found
Refreshing native plugins compatible for Editor in 0.98 ms, found 1 plugins.
Preloading 0 native plugins for Editor in 0.00 ms.
Unloading 2933 Unused Serialized files (Serialized files now loaded: 0)
System memory in use before: 127.5 MB.
System memory in use after: 123.9 MB.

Unloading 69 unused Assets to reduce memory usage. Loaded Objects now: 3362.
Total: 1042.387400 ms (FindLiveObjects: 16.789800 ms CreateObjectMapping: 0.516800 ms MarkObjects: 1020.329400 ms  DeleteObjects: 4.745100 ms)

========================================================================
Received Prepare
Registering precompiled user dll's ...
Registered in 0.020752 seconds.
Begin MonoManager ReloadAssembly
Native extension for WindowsStandalone target not found
Refreshing native plugins compatible for Editor in 1.11 ms, found 1 plugins.
Preloading 0 native plugins for Editor in 0.00 ms.
Invoked RoslynAnalysisRunner static constructor.
RoslynAnalysisRunner will not be running.
RoslynAnalysisRunner has terminated.
Mono: successfully reloaded assembly
- Completed reload, in  6.919 seconds
Platform modules already initialized, skipping
Shader 'Universal Render Pipeline/Particles/Lit': fallback shader 'Universal Render Pipeline/Particles/SimpleLit' not found
Shader 'Universal Render Pipeline/Particles/Lit': fallback shader 'Universal Render Pipeline/Particles/SimpleLit' not found
Refreshing native plugins compatible for Editor in 1.60 ms, found 1 plugins.
Preloading 0 native plugins for Editor in 0.00 ms.
Unloading 2933 Unused Serialized files (Serialized files now loaded: 0)
System memory in use before: 127.6 MB.
System memory in use after: 124.1 MB.

Unloading 69 unused Assets to reduce memory usage. Loaded Objects now: 3366.
Total: 127.500400 ms (FindLiveObjects: 0.826400 ms CreateObjectMapping: 0.327400 ms MarkObjects: 118.302300 ms  DeleteObjects: 8.040200 ms)

========================================================================
Received Import Request.
  Time since last request: 1993.425774 seconds.
  path: Assets/Audio/Collecting-Money-Coins-C-www.fesliyanstudios.com.mp3
  artifactKey: Guid(a1628730317a22a44b522d2f0a690dc4) Importer(815301076,1909f56bfc062723c751e8b465ee728b)
Start importing Assets/Audio/Collecting-Money-Coins-C-www.fesliyanstudios.com.mp3 using Guid(a1628730317a22a44b522d2f0a690dc4) Importer(815301076,1909f56bfc062723c751e8b465ee728b)  -> (artifact id: '4813abd082458e84b5519516f64a7081') in 3.810574 seconds
  Import took 4.022328 seconds .

========================================================================
Received Prepare
Registering precompiled user dll's ...
Registered in 0.092982 seconds.
Begin MonoManager ReloadAssembly
Native extension for WindowsStandalone target not found
Refreshing native plugins compatible for Editor in 1.29 ms, found 1 plugins.
Preloading 0 native plugins for Editor in 0.00 ms.
Invoked RoslynAnalysisRunner static constructor.
RoslynAnalysisRunner will not be running.
RoslynAnalysisRunner has terminated.
Mono: successfully reloaded assembly
- Completed reload, in  4.334 seconds
Platform modules already initialized, skipping
Shader 'Universal Render Pipeline/Particles/Lit': fallback shader 'Universal Render Pipeline/Particles/SimpleLit' not found
Shader 'Universal Render Pipeline/Particles/Lit': fallback shader 'Universal Render Pipeline/Particles/SimpleLit' not found
Refreshing native plugins compatible for Editor in 1.71 ms, found 1 plugins.
Preloading 0 native plugins for Editor in 0.00 ms.
Unloading 2933 Unused Serialized files (Serialized files now loaded: 0)
System memory in use before: 127.7 MB.
System memory in use after: 124.1 MB.

Unloading 69 unused Assets to reduce memory usage. Loaded Objects now: 3373.
Total: 10.150900 ms (FindLiveObjects: 0.508000 ms CreateObjectMapping: 0.267600 ms MarkObjects: 4.935700 ms  DeleteObjects: 4.437400 ms)

========================================================================
Received Prepare
Registering precompiled user dll's ...
Registered in 0.046247 seconds.
Begin MonoManager ReloadAssembly
Native extension for WindowsStandalone target not found
Refreshing native plugins compatible for Editor in 1.07 ms, found 1 plugins.
Preloading 0 native plugins for Editor in 0.00 ms.
Invoked RoslynAnalysisRunner static constructor.
RoslynAnalysisRunner will not be running.
RoslynAnalysisRunner has terminated.
Mono: successfully reloaded assembly
- Completed reload, in  5.128 seconds
Platform modules already initialized, skipping
Shader 'Universal Render Pipeline/Particles/Lit': fallback shader 'Universal Render Pipeline/Particles/SimpleLit' not found
Shader 'Universal Render Pipeline/Particles/Lit': fallback shader 'Universal Render Pipeline/Particles/SimpleLit' not found
Refreshing native plugins compatible for Editor in 1.25 ms, found 1 plugins.
Preloading 0 native plugins for Editor in 0.00 ms.
Unloading 2933 Unused Serialized files (Serialized files now loaded: 0)
System memory in use before: 127.7 MB.
System memory in use after: 124.2 MB.

Unloading 69 unused Assets to reduce memory usage. Loaded Objects now: 3377.
Total: 9.884200 ms (FindLiveObjects: 0.589500 ms CreateObjectMapping: 0.521500 ms MarkObjects: 4.567800 ms  DeleteObjects: 4.203000 ms)

========================================================================
Received Import Request.
  Time since last request: 622.214805 seconds.
  path: Assets/UniversalRenderPipelineAsset.asset
  artifactKey: Guid(e5a0ed59d4862014aa5a3ef7d4c8374f) Importer(815301076,1909f56bfc062723c751e8b465ee728b)
Start importing Assets/UniversalRenderPipelineAsset.asset using Guid(e5a0ed59d4862014aa5a3ef7d4c8374f) Importer(815301076,1909f56bfc062723c751e8b465ee728b)  -> (artifact id: 'abcfc589eca328898589e13efee6e9cc') in 1.552526 seconds
  Import took 1.611105 seconds .

========================================================================
Received Import Request.
  Time since last request: 0.000825 seconds.
  path: Assets/UniversalRenderPipelineAsset_Renderer.asset
  artifactKey: Guid(924c39a2ce20b384b8a857fa7316c179) Importer(815301076,1909f56bfc062723c751e8b465ee728b)
Start importing Assets/UniversalRenderPipelineAsset_Renderer.asset using Guid(924c39a2ce20b384b8a857fa7316c179) Importer(815301076,1909f56bfc062723c751e8b465ee728b)  -> (artifact id: '0d0f1f65d6d74e173c54a6d2ba975cb1') in 0.280606 seconds
  Import took 0.326910 seconds .

========================================================================
Received Prepare
Switching render pipeline 00000000000000000000000000000000 -> e5a0ed59d4862014aa5a3ef7d4c8374f
Shader 'Universal Render Pipeline/Particles/Lit': fallback shader 'Universal Render Pipeline/Particles/SimpleLit' not found
Shader 'Universal Render Pipeline/Particles/Lit': fallback shader 'Universal Render Pipeline/Particles/SimpleLit' not found
Refreshing native plugins compatible for Editor in 4.65 ms, found 1 plugins.
Preloading 0 native plugins for Editor in 0.00 ms.
Unloading 115 Unused Serialized files (Serialized files now loaded: 0)
System memory in use before: 75.8 MB.
System memory in use after: 73.3 MB.

Unloading 47 unused Assets to reduce memory usage. Loaded Objects now: 3445.
Total: 18.848800 ms (FindLiveObjects: 1.016000 ms CreateObjectMapping: 0.453000 ms MarkObjects: 10.790800 ms  DeleteObjects: 6.583400 ms)

========================================================================
Received Import Request.
  Time since last request: 64.719225 seconds.
  path: Assets/New 2D Renderer Data.asset
  artifactKey: Guid(43a841fcd8c541d45be3794455497235) Importer(815301076,1909f56bfc062723c751e8b465ee728b)
Start importing Assets/New 2D Renderer Data.asset using Guid(43a841fcd8c541d45be3794455497235) Importer(815301076,1909f56bfc062723c751e8b465ee728b)  -> (artifact id: '978f3959bac8aff4999bf520cd882039') in 0.253354 seconds
  Import took 0.304227 seconds .

========================================================================
Received Import Request.
  Time since last request: 31.261130 seconds.
  path: Assets/2drenderer.asset
  artifactKey: Guid(43a841fcd8c541d45be3794455497235) Importer(815301076,1909f56bfc062723c751e8b465ee728b)
Start importing Assets/2drenderer.asset using Guid(43a841fcd8c541d45be3794455497235) Importer(815301076,1909f56bfc062723c751e8b465ee728b)  -> (artifact id: 'b39f52cd5d6c7a1fa649058f94cf17e2') in 0.114722 seconds
  Import took 0.202574 seconds .

========================================================================
Received Import Request.
  Time since last request: 0.000798 seconds.
  path: Assets/UniversalRenderPipelineAsset.asset
  artifactKey: Guid(e5a0ed59d4862014aa5a3ef7d4c8374f) Importer(815301076,1909f56bfc062723c751e8b465ee728b)
Start importing Assets/UniversalRenderPipelineAsset.asset using Guid(e5a0ed59d4862014aa5a3ef7d4c8374f) Importer(815301076,1909f56bfc062723c751e8b465ee728b)  -> (artifact id: 'f771d993b8ea7379d586a2ca9aacd9ef') in 0.045565 seconds
  Import took 0.082872 seconds .

========================================================================
Received Import Request.
  Time since last request: 0.000399 seconds.
  path: Assets/Playgame.mixer
  artifactKey: Guid(e96a0d81485e48d42ab48142e81342e7) Importer(815301076,1909f56bfc062723c751e8b465ee728b)
Start importing Assets/Playgame.mixer using Guid(e96a0d81485e48d42ab48142e81342e7) Importer(815301076,1909f56bfc062723c751e8b465ee728b)  -> (artifact id: '3f17ed29879fb0629232db0fae8864b1') in 0.241419 seconds
  Import took 0.256273 seconds .

========================================================================
Received Import Request.
  Time since last request: 0.000534 seconds.
  path: Assets/mainmixer.mixer
  artifactKey: Guid(cbd800fd63fe795468390462b2ef02c8) Importer(815301076,1909f56bfc062723c751e8b465ee728b)
Start importing Assets/mainmixer.mixer using Guid(cbd800fd63fe795468390462b2ef02c8) Importer(815301076,1909f56bfc062723c751e8b465ee728b)  -> (artifact id: 'b0136177b5205f3bb0765470c76d4333') in 0.090326 seconds
  Import took 0.112813 seconds .

========================================================================
Received Import Request.
  Time since last request: 0.000382 seconds.
  path: Assets/UniversalRenderPipelineAsset_Renderer.asset
  artifactKey: Guid(924c39a2ce20b384b8a857fa7316c179) Importer(815301076,1909f56bfc062723c751e8b465ee728b)
Start importing Assets/UniversalRenderPipelineAsset_Renderer.asset using Guid(924c39a2ce20b384b8a857fa7316c179) Importer(815301076,1909f56bfc062723c751e8b465ee728b)  -> (artifact id: 'f11dcf43707c0de689c88f7dc15788fd') in 0.011238 seconds
  Import took 0.057929 seconds .

========================================================================
Received Prepare
Switching render pipeline 00000000000000000000000000000000 -> e5a0ed59d4862014aa5a3ef7d4c8374f
Shader 'Universal Render Pipeline/Particles/Lit': fallback shader 'Universal Render Pipeline/Particles/SimpleLit' not found
Shader 'Universal Render Pipeline/Particles/Lit': fallback shader 'Universal Render Pipeline/Particles/SimpleLit' not found
Refreshing native plugins compatible for Editor in 4.18 ms, found 1 plugins.
Preloading 0 native plugins for Editor in 0.00 ms.
Unloading 48 Unused Serialized files (Serialized files now loaded: 0)
System memory in use before: 72.8 MB.
System memory in use after: 70.5 MB.

Unloading 46 unused Assets to reduce memory usage. Loaded Objects now: 3448.
Total: 10.314300 ms (FindLiveObjects: 0.593100 ms CreateObjectMapping: 0.467800 ms MarkObjects: 6.171600 ms  DeleteObjects: 3.078100 ms)

AssetImportParameters requested are different than current active one (requested -> active):
  custom:srp/default-shader: 0000e00a000e0de00000e000e02d0000 -> 0000e00a000e0de00000e000e0000000
========================================================================
Received Import Request.
  Time since last request: 221.629342 seconds.
  path: Assets/Scenes/Coin.mat
  artifactKey: Guid(66030300ecf8d844bb02f6dd70489478) Importer(815301076,1909f56bfc062723c751e8b465ee728b)
Start importing Assets/Scenes/Coin.mat using Guid(66030300ecf8d844bb02f6dd70489478) Importer(815301076,1909f56bfc062723c751e8b465ee728b)  -> (artifact id: 'e473d910ce6eefff5048da22c583a9d7') in 2.227273 seconds
  Import took 2.260214 seconds .

========================================================================
Received Import Request.
  Time since last request: 629.348725 seconds.
  path: Assets/Scenes/Coin.mat
  artifactKey: Guid(66030300ecf8d844bb02f6dd70489478) Importer(815301076,1909f56bfc062723c751e8b465ee728b)
Start importing Assets/Scenes/Coin.mat using Guid(66030300ecf8d844bb02f6dd70489478) Importer(815301076,1909f56bfc062723c751e8b465ee728b)  -> (artifact id: '59d6036605d0c7f7df2a900ea62d9057') in 0.039055 seconds
  Import took 0.132481 seconds .

========================================================================
Received Import Request.
  Time since last request: 103.215956 seconds.
  path: Assets/Scenes/Proj.unity
  artifactKey: Guid(5114a010631912a4096d3dbfbb880eaa) Importer(815301076,1909f56bfc062723c751e8b465ee728b)
Start importing Assets/Scenes/Proj.unity using Guid(5114a010631912a4096d3dbfbb880eaa) Importer(815301076,1909f56bfc062723c751e8b465ee728b)  -> (artifact id: '0a1a7b5fc39eb788a0144ac48e04973e') in 0.096388 seconds
  Import took 0.142817 seconds .

========================================================================
Received Import Request.
  Time since last request: 48.943427 seconds.
  path: Assets/Scenes/PlayGame.unity
  artifactKey: Guid(004938ce4ee36874280aa1fdeb38e6bd) Importer(815301076,1909f56bfc062723c751e8b465ee728b)
Start importing Assets/Scenes/PlayGame.unity using Guid(004938ce4ee36874280aa1fdeb38e6bd) Importer(815301076,1909f56bfc062723c751e8b465ee728b)  -> (artifact id: '70e2579f994b17042d7bee02912e0aa5') in 0.077365 seconds
  Import took 0.128580 seconds .

========================================================================
Received Import Request.
  Time since last request: 119.772640 seconds.
  path: Assets/2drenderer.asset
  artifactKey: Guid(43a841fcd8c541d45be3794455497235) Importer(815301076,1909f56bfc062723c751e8b465ee728b)
Start importing Assets/2drenderer.asset using Guid(43a841fcd8c541d45be3794455497235) Importer(815301076,1909f56bfc062723c751e8b465ee728b)  -> (artifact id: '267423f931226bbf3a76f3fa9ef9cf46') in 0.298295 seconds
  Import took 0.341262 seconds .

========================================================================
Received Import Request.
  Time since last request: 0.000571 seconds.
  path: Assets/UniversalRenderPipelineAsset.asset
  artifactKey: Guid(e5a0ed59d4862014aa5a3ef7d4c8374f) Importer(815301076,1909f56bfc062723c751e8b465ee728b)
Start importing Assets/UniversalRenderPipelineAsset.asset using Guid(e5a0ed59d4862014aa5a3ef7d4c8374f) Importer(815301076,1909f56bfc062723c751e8b465ee728b)  -> (artifact id: '0c09968300ea56f410b0bf2682674b54') in 0.046305 seconds
  Import took 0.102729 seconds .

========================================================================
Received Import Request.
  Time since last request: 0.000363 seconds.
  path: Assets/UniversalRenderPipelineAsset_Renderer.asset
  artifactKey: Guid(924c39a2ce20b384b8a857fa7316c179) Importer(815301076,1909f56bfc062723c751e8b465ee728b)
Start importing Assets/UniversalRenderPipelineAsset_Renderer.asset using Guid(924c39a2ce20b384b8a857fa7316c179) Importer(815301076,1909f56bfc062723c751e8b465ee728b)  -> (artifact id: 'f7ceda1c29afb3a1128e026f77996640') in 0.031930 seconds
  Import took 0.047149 seconds .

========================================================================
Received Import Request.
  Time since last request: 6.352075 seconds.
  path: Assets/Sprites/CoinSprite.png
  artifactKey: Guid(d235556d311cd497b993de7aa11961d4) Importer(815301076,1909f56bfc062723c751e8b465ee728b)
Start importing Assets/Sprites/CoinSprite.png using Guid(d235556d311cd497b993de7aa11961d4) Importer(815301076,1909f56bfc062723c751e8b465ee728b)  -> (artifact id: '408450535ef11a155e7b8c1fc8c538c4') in 0.402815 seconds
  Import took 0.436629 seconds .

========================================================================
Received Import Request.
  Time since last request: 0.014392 seconds.
  path: Assets/Sprites/CoinSprite.png
  artifactKey: Guid(d235556d311cd497b993de7aa11961d4) Importer(815301076,1909f56bfc062723c751e8b465ee728b)
Start importing Assets/Sprites/CoinSprite.png using Guid(d235556d311cd497b993de7aa11961d4) Importer(815301076,1909f56bfc062723c751e8b465ee728b)  -> (artifact id: '408450535ef11a155e7b8c1fc8c538c4') in 0.069204 seconds
  Import took 0.111101 seconds .

========================================================================
Received Prepare
Registering precompiled user dll's ...
Registered in 0.006328 seconds.
Begin MonoManager ReloadAssembly
Native extension for WindowsStandalone target not found
Refreshing native plugins compatible for Editor in 4.88 ms, found 1 plugins.
Preloading 0 native plugins for Editor in 0.00 ms.
Invoked RoslynAnalysisRunner static constructor.
RoslynAnalysisRunner will not be running.
RoslynAnalysisRunner has terminated.
Mono: successfully reloaded assembly
- Completed reload, in  2.841 seconds
Platform modules already initialized, skipping
Shader 'Universal Render Pipeline/Particles/Lit': fallback shader 'Universal Render Pipeline/Particles/SimpleLit' not found
Shader 'Universal Render Pipeline/Particles/Lit': fallback shader 'Universal Render Pipeline/Particles/SimpleLit' not found
Refreshing native plugins compatible for Editor in 1.60 ms, found 1 plugins.
Preloading 0 native plugins for Editor in 0.00 ms.
Unloading 2916 Unused Serialized files (Serialized files now loaded: 0)
System memory in use before: 131.8 MB.
System memory in use after: 129.7 MB.

Unloading 41 unused Assets to reduce memory usage. Loaded Objects now: 3537.
Total: 45.348700 ms (FindLiveObjects: 0.713100 ms CreateObjectMapping: 0.475400 ms MarkObjects: 40.121900 ms  DeleteObjects: 4.034500 ms)

========================================================================
Received Prepare
Registering precompiled user dll's ...
Registered in 0.112548 seconds.
Begin MonoManager ReloadAssembly
Native extension for WindowsStandalone target not found
Refreshing native plugins compatible for Editor in 2.04 ms, found 1 plugins.
Preloading 0 native plugins for Editor in 0.00 ms.
Invoked RoslynAnalysisRunner static constructor.
RoslynAnalysisRunner will not be running.
RoslynAnalysisRunner has terminated.
Mono: successfully reloaded assembly
- Completed reload, in 16.069 seconds
Platform modules already initialized, skipping
Shader 'Universal Render Pipeline/Particles/Lit': fallback shader 'Universal Render Pipeline/Particles/SimpleLit' not found
Shader 'Universal Render Pipeline/Particles/Lit': fallback shader 'Universal Render Pipeline/Particles/SimpleLit' not found
Refreshing native plugins compatible for Editor in 1.44 ms, found 1 plugins.
Preloading 0 native plugins for Editor in 0.00 ms.
Unloading 2905 Unused Serialized files (Serialized files now loaded: 0)
System memory in use before: 131.2 MB.
System memory in use after: 129.1 MB.

Unloading 41 unused Assets to reduce memory usage. Loaded Objects now: 3541.
Total: 10.666800 ms (FindLiveObjects: 0.649900 ms CreateObjectMapping: 0.440100 ms MarkObjects: 5.275900 ms  DeleteObjects: 4.297200 ms)

========================================================================
Received Prepare
Registering precompiled user dll's ...
Registered in 0.047918 seconds.
Begin MonoManager ReloadAssembly
Native extension for WindowsStandalone target not found
Refreshing native plugins compatible for Editor in 1.22 ms, found 1 plugins.
Preloading 0 native plugins for Editor in 0.00 ms.
Invoked RoslynAnalysisRunner static constructor.
RoslynAnalysisRunner will not be running.
RoslynAnalysisRunner has terminated.
Mono: successfully reloaded assembly
- Completed reload, in  3.889 seconds
Platform modules already initialized, skipping
Shader 'Universal Render Pipeline/Particles/Lit': fallback shader 'Universal Render Pipeline/Particles/SimpleLit' not found
Shader 'Universal Render Pipeline/Particles/Lit': fallback shader 'Universal Render Pipeline/Particles/SimpleLit' not found
Refreshing native plugins compatible for Editor in 1.51 ms, found 1 plugins.
Preloading 0 native plugins for Editor in 0.00 ms.
Unloading 2905 Unused Serialized files (Serialized files now loaded: 0)
System memory in use before: 131.1 MB.
System memory in use after: 129.1 MB.

Unloading 41 unused Assets to reduce memory usage. Loaded Objects now: 3545.
Total: 18.031400 ms (FindLiveObjects: 1.051400 ms CreateObjectMapping: 0.620300 ms MarkObjects: 11.061400 ms  DeleteObjects: 5.292100 ms)

========================================================================
Received Prepare
Registering precompiled user dll's ...
Registered in 0.002699 seconds.
Begin MonoManager ReloadAssembly
Native extension for WindowsStandalone target not found
Refreshing native plugins compatible for Editor in 1.09 ms, found 1 plugins.
Preloading 0 native plugins for Editor in 0.00 ms.
Invoked RoslynAnalysisRunner static constructor.
RoslynAnalysisRunner will not be running.
RoslynAnalysisRunner has terminated.
Mono: successfully reloaded assembly
- Completed reload, in  2.608 seconds
Platform modules already initialized, skipping
Shader 'Universal Render Pipeline/Particles/Lit': fallback shader 'Universal Render Pipeline/Particles/SimpleLit' not found
Shader 'Universal Render Pipeline/Particles/Lit': fallback shader 'Universal Render Pipeline/Particles/SimpleLit' not found
Refreshing native plugins compatible for Editor in 1.50 ms, found 1 plugins.
Preloading 0 native plugins for Editor in 0.00 ms.
Unloading 2905 Unused Serialized files (Serialized files now loaded: 0)
System memory in use before: 131.2 MB.
System memory in use after: 129.1 MB.

Unloading 41 unused Assets to reduce memory usage. Loaded Objects now: 3549.
Total: 7.429800 ms (FindLiveObjects: 0.507400 ms CreateObjectMapping: 0.283100 ms MarkObjects: 3.992200 ms  DeleteObjects: 2.644500 ms)

========================================================================
Received Prepare
Registering precompiled user dll's ...
Registered in 0.002689 seconds.
Begin MonoManager ReloadAssembly
Native extension for WindowsStandalone target not found
Refreshing native plugins compatible for Editor in 1.01 ms, found 1 plugins.
Preloading 0 native plugins for Editor in 0.00 ms.
Invoked RoslynAnalysisRunner static constructor.
RoslynAnalysisRunner will not be running.
RoslynAnalysisRunner has terminated.
Mono: successfully reloaded assembly
- Completed reload, in  5.458 seconds
Platform modules already initialized, skipping
Shader 'Universal Render Pipeline/Particles/Lit': fallback shader 'Universal Render Pipeline/Particles/SimpleLit' not found
Shader 'Universal Render Pipeline/Particles/Lit': fallback shader 'Universal Render Pipeline/Particles/SimpleLit' not found
Refreshing native plugins compatible for Editor in 1.86 ms, found 1 plugins.
Preloading 0 native plugins for Editor in 0.00 ms.
Unloading 2905 Unused Serialized files (Serialized files now loaded: 0)
System memory in use before: 131.2 MB.
System memory in use after: 129.1 MB.

Unloading 41 unused Assets to reduce memory usage. Loaded Objects now: 3553.
Total: 9.348400 ms (FindLiveObjects: 0.468900 ms CreateObjectMapping: 0.282300 ms MarkObjects: 5.215600 ms  DeleteObjects: 3.379500 ms)

========================================================================
Received Import Request.
  Time since last request: 1795.009622 seconds.
  path: Assets/Scenes/Coin.mat
  artifactKey: Guid(66030300ecf8d844bb02f6dd70489478) Importer(815301076,1909f56bfc062723c751e8b465ee728b)
Start importing Assets/Scenes/Coin.mat using Guid(66030300ecf8d844bb02f6dd70489478) Importer(815301076,1909f56bfc062723c751e8b465ee728b)  -> (artifact id: '7b2f11fc0ee344df64165ee95d726761') in 3.952072 seconds
  Import took 4.197475 seconds .

========================================================================
Received Prepare
Registering precompiled user dll's ...
Registered in 0.048877 seconds.
Begin MonoManager ReloadAssembly
Native extension for WindowsStandalone target not found
Refreshing native plugins compatible for Editor in 1.04 ms, found 1 plugins.
Preloading 0 native plugins for Editor in 0.00 ms.
Invoked RoslynAnalysisRunner static constructor.
RoslynAnalysisRunner will not be running.
RoslynAnalysisRunner has terminated.
Mono: successfully reloaded assembly
- Completed reload, in  3.244 seconds
Platform modules already initialized, skipping
Shader 'Universal Render Pipeline/Particles/Lit': fallback shader 'Universal Render Pipeline/Particles/SimpleLit' not found
Shader 'Universal Render Pipeline/Particles/Lit': fallback shader 'Universal Render Pipeline/Particles/SimpleLit' not found
Refreshing native plugins compatible for Editor in 1.48 ms, found 1 plugins.
Preloading 0 native plugins for Editor in 0.00 ms.
Unloading 2905 Unused Serialized files (Serialized files now loaded: 0)
System memory in use before: 131.3 MB.
System memory in use after: 129.2 MB.

Unloading 41 unused Assets to reduce memory usage. Loaded Objects now: 3594.
Total: 8.375600 ms (FindLiveObjects: 0.568800 ms CreateObjectMapping: 0.500100 ms MarkObjects: 4.457800 ms  DeleteObjects: 2.846600 ms)

========================================================================
Received Prepare
Registering precompiled user dll's ...
Registered in 0.002616 seconds.
Begin MonoManager ReloadAssembly
Native extension for WindowsStandalone target not found
Refreshing native plugins compatible for Editor in 1.22 ms, found 1 plugins.
Preloading 0 native plugins for Editor in 0.00 ms.
Invoked RoslynAnalysisRunner static constructor.
RoslynAnalysisRunner will not be running.
RoslynAnalysisRunner has terminated.
Mono: successfully reloaded assembly
- Completed reload, in  2.089 seconds
Platform modules already initialized, skipping
Shader 'Universal Render Pipeline/Particles/Lit': fallback shader 'Universal Render Pipeline/Particles/SimpleLit' not found
Shader 'Universal Render Pipeline/Particles/Lit': fallback shader 'Universal Render Pipeline/Particles/SimpleLit' not found
Refreshing native plugins compatible for Editor in 1.15 ms, found 1 plugins.
Preloading 0 native plugins for Editor in 0.00 ms.
Unloading 2905 Unused Serialized files (Serialized files now loaded: 0)
System memory in use before: 131.3 MB.
System memory in use after: 129.2 MB.

Unloading 41 unused Assets to reduce memory usage. Loaded Objects now: 3598.
Total: 8.270100 ms (FindLiveObjects: 0.763000 ms CreateObjectMapping: 0.416800 ms MarkObjects: 4.294800 ms  DeleteObjects: 2.792500 ms)

========================================================================
Received Prepare
Registering precompiled user dll's ...
Registered in 0.002649 seconds.
Begin MonoManager ReloadAssembly
Native extension for WindowsStandalone target not found
Refreshing native plugins compatible for Editor in 1.06 ms, found 1 plugins.
Preloading 0 native plugins for Editor in 0.00 ms.
Invoked RoslynAnalysisRunner static constructor.
RoslynAnalysisRunner will not be running.
RoslynAnalysisRunner has terminated.
Mono: successfully reloaded assembly
- Completed reload, in  2.268 seconds
Platform modules already initialized, skipping
Shader 'Universal Render Pipeline/Particles/Lit': fallback shader 'Universal Render Pipeline/Particles/SimpleLit' not found
Shader 'Universal Render Pipeline/Particles/Lit': fallback shader 'Universal Render Pipeline/Particles/SimpleLit' not found
Refreshing native plugins compatible for Editor in 1.30 ms, found 1 plugins.
Preloading 0 native plugins for Editor in 0.00 ms.
Unloading 2905 Unused Serialized files (Serialized files now loaded: 0)
System memory in use before: 131.4 MB.
System memory in use after: 129.2 MB.

Unloading 41 unused Assets to reduce memory usage. Loaded Objects now: 3602.
Total: 7.812600 ms (FindLiveObjects: 0.583100 ms CreateObjectMapping: 0.461400 ms MarkObjects: 4.070300 ms  DeleteObjects: 2.695500 ms)

AssetImportWorkerClient::OnTransportError - code=2 error=End of file
